==31963== Invalid read of size 1
==31963==    at 0x10A0A1: ft_memcpy (ft_memcpy.c:14)
==31963==    by 0x10AEFC: ft_lstnew (ft_lstnew.c:23)
==31963==    by 0x10B0F7: ft_lstmap (ft_lstmap.c:12)
==31963==    by 0x10EA2A: ft_lstmap_test (test.c:1196)
==31963==    by 0x10EBCE: main (test.c:1256)
==31963==  Address 0x522edc4 is 0 bytes after a block of size 4 alloc'd
==31963==    at 0x4C2FB0F: malloc (in /usr/lib/valgrind/vgpreload_memcheck-amd64-linux.so)
==31963==    by 0x109148: ft_memalloc (ft_memalloc.c:9)
==31963==    by 0x10AEB9: ft_lstnew (ft_lstnew.c:18)
==31963==    by 0x10E9D9: ft_lstmap_test (test.c:1192)
==31963==    by 0x10EBCE: main (test.c:1256)
==31963== 
==31963== Invalid read of size 1
==31963==    at 0x10A0A1: ft_memcpy (ft_memcpy.c:14)
==31963==    by 0x10AEFC: ft_lstnew (ft_lstnew.c:23)
==31963==    by 0x10B136: ft_lstmap (ft_lstmap.c:19)
==31963==    by 0x10EA2A: ft_lstmap_test (test.c:1196)
==31963==    by 0x10EBCE: main (test.c:1256)
==31963==  Address 0x522ee74 is 0 bytes after a block of size 4 alloc'd
==31963==    at 0x4C2FB0F: malloc (in /usr/lib/valgrind/vgpreload_memcheck-amd64-linux.so)
==31963==    by 0x109148: ft_memalloc (ft_memalloc.c:9)
==31963==    by 0x10AEB9: ft_lstnew (ft_lstnew.c:18)
==31963==    by 0x10E9F4: ft_lstmap_test (test.c:1193)
==31963==    by 0x10EBCE: main (test.c:1256)
==31963== 
